[1] 2025/07/05 08:20:01.892165 [INF] Starting nats-server
[1] 2025/07/05 08:20:01.894944 [INF]   Version:  2.10.29
[1] 2025/07/05 08:20:01.894993 [INF]   Git:      [f91ddd8]
[1] 2025/07/05 08:20:01.895030 [INF]   Name:     crypto-tracker-nats
[1] 2025/07/05 08:20:01.895069 [INF]   Node:     zEL7TmsX
[1] 2025/07/05 08:20:01.895127 [INF]   ID:       NB5F3XA6RAI2W4IX64G7Z4CO7X3IK5CN437VZEZW3VIP4B6SHKI6SKS3
[1] 2025/07/05 08:20:01.895470 [WRN] Plaintext passwords detected, use nkeys or bcrypt
[1] 2025/07/05 08:20:01.895566 [INF] Using configuration file: /etc/nats/nats-server.conf
[1] 2025/07/05 08:20:01.898960 [INF] Starting http monitor on 0.0.0.0:8222
[1] 2025/07/05 08:20:01.899700 [INF] Starting JetStream
[1] 2025/07/05 08:20:01.901721 [INF]     _ ___ _____ ___ _____ ___ ___   _   __  __
[1] 2025/07/05 08:20:01.901775 [INF]  _ | | __|_   _/ __|_   _| _ \ __| /_\ |  \/  |
[1] 2025/07/05 08:20:01.902155 [INF] | || | _|  | | \__ \ | | |   / _| / _ \| |\/| |
[1] 2025/07/05 08:20:01.902233 [INF]  \__/|___| |_| |___/ |_| |_|_\___/_/ \_\_|  |_|
[1] 2025/07/05 08:20:01.902411 [INF] 
[1] 2025/07/05 08:20:01.902600 [INF]          https://docs.nats.io/jetstream
[1] 2025/07/05 08:20:01.902678 [INF] 
[1] 2025/07/05 08:20:01.902770 [INF] ---------------- JETSTREAM ----------------
[1] 2025/07/05 08:20:01.902836 [INF]   Max Memory:      953.67 MB
[1] 2025/07/05 08:20:01.902952 [INF]   Max Storage:     9.31 GB
[1] 2025/07/05 08:20:01.903036 [INF]   Store Directory: "/data/jetstream/jetstream"
[1] 2025/07/05 08:20:01.903244 [INF] -------------------------------------------
[1] 2025/07/05 08:20:01.905467 [INF] Listening for client connections on 0.0.0.0:4222
[1] 2025/07/05 08:20:01.905779 [INF] Server is ready
[1] 2025/07/05 21:27:35.645861 [INF] Trapped "terminated" signal
[1] 2025/07/05 21:27:35.666645 [INF] Initiating Shutdown...
[1] 2025/07/05 21:27:35.667188 [INF] Initiating JetStream Shutdown...
[1] 2025/07/05 21:27:35.667722 [INF] JetStream Shutdown
[1] 2025/07/05 21:27:35.669961 [INF] Server Exiting..
[1] 2025/07/05 21:27:45.057699 [INF] Starting nats-server
[1] 2025/07/05 21:27:45.057989 [INF]   Version:  2.10.29
[1] 2025/07/05 21:27:45.058049 [INF]   Git:      [f91ddd8]
[1] 2025/07/05 21:27:45.058285 [INF]   Name:     crypto-tracker-nats
[1] 2025/07/05 21:27:45.058640 [INF]   Node:     zEL7TmsX
[1] 2025/07/05 21:27:45.058677 [INF]   ID:       NCD6P62BDXVAMA7HHBGWLPEEYJYGMTFI6JXNPECBOUGH2UOLBMA2U2CU
[1] 2025/07/05 21:27:45.060880 [WRN] Plaintext passwords detected, use nkeys or bcrypt
[1] 2025/07/05 21:27:45.061239 [INF] Using configuration file: /etc/nats/nats-server.conf
[1] 2025/07/05 21:27:45.065171 [INF] Starting http monitor on 0.0.0.0:8222
[1] 2025/07/05 21:27:45.065417 [INF] Starting JetStream
[1] 2025/07/05 21:27:45.067149 [INF]     _ ___ _____ ___ _____ ___ ___   _   __  __
[1] 2025/07/05 21:27:45.067355 [INF]  _ | | __|_   _/ __|_   _| _ \ __| /_\ |  \/  |
[1] 2025/07/05 21:27:45.067502 [INF] | || | _|  | | \__ \ | | |   / _| / _ \| |\/| |
[1] 2025/07/05 21:27:45.067605 [INF]  \__/|___| |_| |___/ |_| |_|_\___/_/ \_\_|  |_|
[1] 2025/07/05 21:27:45.067710 [INF] 
[1] 2025/07/05 21:27:45.067806 [INF]          https://docs.nats.io/jetstream
[1] 2025/07/05 21:27:45.067930 [INF] 
[1] 2025/07/05 21:27:45.068086 [INF] ---------------- JETSTREAM ----------------
[1] 2025/07/05 21:27:45.068193 [INF]   Max Memory:      953.67 MB
[1] 2025/07/05 21:27:45.068324 [INF]   Max Storage:     9.31 GB
[1] 2025/07/05 21:27:45.068401 [INF]   Store Directory: "/data/jetstream/jetstream"
[1] 2025/07/05 21:27:45.068501 [INF] -------------------------------------------
[1] 2025/07/05 21:27:45.070592 [INF] Listening for client connections on 0.0.0.0:4222
[1] 2025/07/05 21:27:45.071127 [INF] Server is ready
